This file contains any messages produced by compilers while
running configure, to aid debugging if configure makes a mistake.

It was created by INF8601-LAB3 configure 2.1.2, which was
generated by GNU Autoconf 2.63.  Invocation command line was

  $ ./configure 

## --------- ##
## Platform. ##
## --------- ##

hostname = frontalrocks.info.polymtl.ca
uname -m = x86_64
uname -r = 2.6.32-642.6.2.el6.centos.plus.x86_64
uname -s = Linux
uname -v = #1 SMP Wed Oct 26 06:49:20 UTC 2016

/usr/bin/uname -p = unknown
/bin/uname -X     = unknown

/bin/arch              = x86_64
/usr/bin/arch -k       = unknown
/usr/convex/getsysinfo = unknown
/usr/bin/hostinfo      = unknown
/bin/machine           = unknown
/usr/bin/oslevel       = unknown
/bin/universe          = unknown

PATH: /opt/openmpi/bin
PATH: /usr/lib64/qt-3.3/bin
PATH: /usr/local/bin
PATH: /bin
PATH: /usr/bin
PATH: /usr/local/sbin
PATH: /usr/sbin
PATH: /sbin
PATH: /opt/eclipse
PATH: /share/apps/cmake/bin
PATH: /share/apps/MatLab/R2013a/bin
PATH: /share/apps/opwncv/bin
PATH: /opt/maven/bin
PATH: /opt/maui/bin
PATH: /opt/torque/bin
PATH: /opt/torque/sbin
PATH: /opt/rocks/bin
PATH: /opt/rocks/sbin
PATH: /usagers/olsira/bin


## ----------- ##
## Core tests. ##
## ----------- ##

configure:2088: checking for a BSD-compatible install
configure:2156: result: /usr/bin/install -c
configure:2167: checking whether build environment is sane
configure:2227: result: yes
configure:2368: checking for a thread-safe mkdir -p
configure:2407: result: /bin/mkdir -p
configure:2420: checking for gawk
configure:2436: found /bin/gawk
configure:2447: result: gawk
configure:2458: checking whether make sets $(MAKE)
configure:2480: result: yes
configure:2574: checking for style of include used by make
configure:2602: result: GNU
configure:2672: checking for gcc
configure:2699: result: mpicc
configure:2931: checking for C compiler version
configure:2939: mpicc --version >&5
gcc (GCC) 4.4.7 20120313 (Red Hat 4.4.7-3)
Copyright (C) 2010 Free Software Foundation, Inc.
This is free software; see the source for copying conditions.  There is NO
warranty; not even for MERCHANTABILITY or FITNESS FOR A PARTICULAR PURPOSE.

configure:2943: $? = 0
configure:2950: mpicc -v >&5
Using built-in specs.
Target: x86_64-redhat-linux
Configured with: ../configure --prefix=/usr --mandir=/usr/share/man --infodir=/usr/share/info --with-bugurl=http://bugzilla.redhat.com/bugzilla --enable-bootstrap --enable-shared --enable-threads=posix --enable-checking=release --with-system-zlib --enable-__cxa_atexit --disable-libunwind-exceptions --enable-gnu-unique-object --enable-languages=c,c++,objc,obj-c++,java,fortran,ada --enable-java-awt=gtk --disable-dssi --with-java-home=/usr/lib/jvm/java-1.5.0-gcj-1.5.0.0/jre --enable-libgcj-multifile --enable-java-maintainer-mode --with-ecj-jar=/usr/share/java/eclipse-ecj.jar --disable-libjava-multilib --with-ppl --with-cloog --with-tune=generic --with-arch_32=i686 --build=x86_64-redhat-linux
Thread model: posix
gcc version 4.4.7 20120313 (Red Hat 4.4.7-3) (GCC) 
configure:2954: $? = 0
configure:2961: mpicc -V >&5
gcc: '-V' option must have argument
configure:2965: $? = 1
configure:2988: checking for C compiler default output file name
configure:3010: mpicc    conftest.c  >&5
configure:3014: $? = 0
configure:3052: result: a.out
configure:3071: checking whether the C compiler works
configure:3081: ./a.out
configure:3085: $? = 0
configure:3104: result: yes
configure:3111: checking whether we are cross compiling
configure:3113: result: no
configure:3116: checking for suffix of executables
configure:3123: mpicc -o conftest    conftest.c  >&5
configure:3127: $? = 0
configure:3153: result: 
configure:3159: checking for suffix of object files
configure:3185: mpicc -c   conftest.c >&5
configure:3189: $? = 0
configure:3214: result: o
configure:3218: checking whether we are using the GNU C compiler
configure:3247: mpicc -c   conftest.c >&5
configure:3254: $? = 0
configure:3271: result: yes
configure:3280: checking whether mpicc accepts -g
configure:3310: mpicc -c -g  conftest.c >&5
configure:3317: $? = 0
configure:3418: result: yes
configure:3435: checking for mpicc option to accept ISO C89
configure:3509: mpicc  -c -g -O2  conftest.c >&5
configure:3516: $? = 0
configure:3539: result: none needed
configure:3559: checking dependency style of mpicc
configure:3669: result: gcc3
configure:3690: checking how to run the C preprocessor
configure:3730: mpicc -E  conftest.c
configure:3737: $? = 0
configure:3768: mpicc -E  conftest.c
conftest.c:10:28: error: ac_nonexistent.h: No such file or directory
configure:3775: $? = 1
configure: failed program was:
| /* confdefs.h.  */
| #define PACKAGE_NAME "INF8601-LAB3"
| #define PACKAGE_TARNAME "inf8601-lab3"
| #define PACKAGE_VERSION "2.1.2"
| #define PACKAGE_STRING "INF8601-LAB3 2.1.2"
| #define PACKAGE_BUGREPORT ""
| #define PACKAGE "inf8601-lab3"
| #define VERSION "2.1.2"
| /* end confdefs.h.  */
| #include <ac_nonexistent.h>
configure:3808: result: mpicc -E
configure:3837: mpicc -E  conftest.c
configure:3844: $? = 0
configure:3875: mpicc -E  conftest.c
conftest.c:10:28: error: ac_nonexistent.h: No such file or directory
configure:3882: $? = 1
configure: failed program was:
| /* confdefs.h.  */
| #define PACKAGE_NAME "INF8601-LAB3"
| #define PACKAGE_TARNAME "inf8601-lab3"
| #define PACKAGE_VERSION "2.1.2"
| #define PACKAGE_STRING "INF8601-LAB3 2.1.2"
| #define PACKAGE_BUGREPORT ""
| #define PACKAGE "inf8601-lab3"
| #define VERSION "2.1.2"
| /* end confdefs.h.  */
| #include <ac_nonexistent.h>
configure:3922: checking for grep that handles long lines and -e
configure:3982: result: /bin/grep
configure:3987: checking for egrep
configure:4051: result: /bin/grep -E
configure:4056: checking for ANSI C header files
configure:4086: mpicc -c -g -O2  conftest.c >&5
configure:4093: $? = 0
configure:4192: mpicc -o conftest -g -O2   conftest.c  >&5
configure:4196: $? = 0
configure:4202: ./conftest
configure:4206: $? = 0
configure:4224: result: yes
configure:4248: checking for sys/types.h
configure:4269: mpicc -c -g -O2  conftest.c >&5
configure:4276: $? = 0
configure:4293: result: yes
configure:4248: checking for sys/stat.h
configure:4269: mpicc -c -g -O2  conftest.c >&5
configure:4276: $? = 0
configure:4293: result: yes
configure:4248: checking for stdlib.h
configure:4269: mpicc -c -g -O2  conftest.c >&5
configure:4276: $? = 0
configure:4293: result: yes
configure:4248: checking for string.h
configure:4269: mpicc -c -g -O2  conftest.c >&5
configure:4276: $? = 0
configure:4293: result: yes
configure:4248: checking for memory.h
configure:4269: mpicc -c -g -O2  conftest.c >&5
configure:4276: $? = 0
configure:4293: result: yes
configure:4248: checking for strings.h
configure:4269: mpicc -c -g -O2  conftest.c >&5
configure:4276: $? = 0
configure:4293: result: yes
configure:4248: checking for inttypes.h
configure:4269: mpicc -c -g -O2  conftest.c >&5
configure:4276: $? = 0
configure:4293: result: yes
configure:4248: checking for stdint.h
configure:4269: mpicc -c -g -O2  conftest.c >&5
configure:4276: $? = 0
configure:4293: result: yes
configure:4248: checking for unistd.h
configure:4269: mpicc -c -g -O2  conftest.c >&5
configure:4276: $? = 0
configure:4293: result: yes
configure:4318: checking minix/config.h usability
configure:4335: mpicc -c -g -O2  conftest.c >&5
conftest.c:53:26: error: minix/config.h: No such file or directory
configure:4342: $? = 1
configure: failed program was:
| /* confdefs.h.  */
| #define PACKAGE_NAME "INF8601-LAB3"
| #define PACKAGE_TARNAME "inf8601-lab3"
| #define PACKAGE_VERSION "2.1.2"
| #define PACKAGE_STRING "INF8601-LAB3 2.1.2"
| #define PACKAGE_BUGREPORT ""
| #define PACKAGE "inf8601-lab3"
| #define VERSION "2.1.2"
| #define STDC_HEADERS 1
| #define HAVE_SYS_TYPES_H 1
| #define HAVE_SYS_STAT_H 1
| #define HAVE_STDLIB_H 1
| #define HAVE_STRING_H 1
| #define HAVE_MEMORY_H 1
| #define HAVE_STRINGS_H 1
| #define HAVE_INTTYPES_H 1
| #define HAVE_STDINT_H 1
| #define HAVE_UNISTD_H 1
| /* end confdefs.h.  */
| #include <stdio.h>
| #ifdef HAVE_SYS_TYPES_H
| # include <sys/types.h>
| #endif
| #ifdef HAVE_SYS_STAT_H
| # include <sys/stat.h>
| #endif
| #ifdef STDC_HEADERS
| # include <stdlib.h>
| # include <stddef.h>
| #else
| # ifdef HAVE_STDLIB_H
| #  include <stdlib.h>
| # endif
| #endif
| #ifdef HAVE_STRING_H
| # if !defined STDC_HEADERS && defined HAVE_MEMORY_H
| #  include <memory.h>
| # endif
| # include <string.h>
| #endif
| #ifdef HAVE_STRINGS_H
| # include <strings.h>
| #endif
| #ifdef HAVE_INTTYPES_H
| # include <inttypes.h>
| #endif
| #ifdef HAVE_STDINT_H
| # include <stdint.h>
| #endif
| #ifdef HAVE_UNISTD_H
| # include <unistd.h>
| #endif
| #include <minix/config.h>
configure:4356: result: no
configure:4360: checking minix/config.h presence
configure:4375: mpicc -E  conftest.c
conftest.c:20:26: error: minix/config.h: No such file or directory
configure:4382: $? = 1
configure: failed program was:
| /* confdefs.h.  */
| #define PACKAGE_NAME "INF8601-LAB3"
| #define PACKAGE_TARNAME "inf8601-lab3"
| #define PACKAGE_VERSION "2.1.2"
| #define PACKAGE_STRING "INF8601-LAB3 2.1.2"
| #define PACKAGE_BUGREPORT ""
| #define PACKAGE "inf8601-lab3"
| #define VERSION "2.1.2"
| #define STDC_HEADERS 1
| #define HAVE_SYS_TYPES_H 1
| #define HAVE_SYS_STAT_H 1
| #define HAVE_STDLIB_H 1
| #define HAVE_STRING_H 1
| #define HAVE_MEMORY_H 1
| #define HAVE_STRINGS_H 1
| #define HAVE_INTTYPES_H 1
| #define HAVE_STDINT_H 1
| #define HAVE_UNISTD_H 1
| /* end confdefs.h.  */
| #include <minix/config.h>
configure:4396: result: no
configure:4424: checking for minix/config.h
configure:4431: result: no
configure:4462: checking whether it is safe to define __EXTENSIONS__
configure:4490: mpicc -c -g -O2  conftest.c >&5
configure:4497: $? = 0
configure:4512: result: yes
configure:4543: checking build system type
configure:4561: result: x86_64-unknown-linux-gnu
configure:4583: checking host system type
configure:4598: result: x86_64-unknown-linux-gnu
configure:4620: checking for a sed that does not truncate output
configure:4686: result: /bin/sed
configure:4704: checking for fgrep
configure:4768: result: /bin/grep -F
configure:4803: checking for ld used by mpicc
configure:4870: result: /usr/bin/ld
configure:4879: checking if the linker (/usr/bin/ld) is GNU ld
configure:4894: result: yes
configure:4931: checking for BSD- or MS-compatible name lister (nm)
configure:4980: result: /usr/bin/nm -B
configure:5098: checking the name lister (/usr/bin/nm -B) interface
configure:5105: mpicc -c -g -O2  conftest.c >&5
configure:5108: /usr/bin/nm -B "conftest.o"
configure:5111: output
0000000000000000 B some_variable
configure:5118: result: BSD nm
configure:5121: checking whether ln -s works
configure:5125: result: yes
configure:5133: checking the maximum length of command line arguments
configure:5253: result: 3458764513820540925
configure:5270: checking whether the shell understands some XSI constructs
configure:5280: result: yes
configure:5284: checking whether the shell understands "+="
configure:5290: result: yes
configure:5325: checking for /usr/bin/ld option to reload object files
configure:5332: result: -r
configure:5401: checking for objdump
configure:5417: found /usr/bin/objdump
configure:5428: result: objdump
configure:5460: checking how to recognize dependent libraries
configure:5656: result: pass_all
configure:5716: checking for ar
configure:5732: found /usr/bin/ar
configure:5743: result: ar
configure:5821: checking for strip
configure:5837: found /usr/bin/strip
configure:5848: result: strip
configure:5920: checking for ranlib
configure:5936: found /usr/bin/ranlib
configure:5947: result: ranlib
configure:6037: checking command to parse /usr/bin/nm -B output from mpicc object
configure:6155: mpicc -c -g -O2  conftest.c >&5
configure:6158: $? = 0
configure:6162: /usr/bin/nm -B conftest.o \| sed -n -e 's/^.*[	 ]\([ABCDGIRSTW][ABCDGIRSTW]*\)[	 ][	 ]*\([_A-Za-z][_A-Za-z0-9]*\)$/\1 \2 \2/p' \> conftest.nm
configure:6165: $? = 0
configure:6219: mpicc -o conftest -g -O2   conftest.c conftstm.o >&5
configure:6222: $? = 0
configure:6260: result: ok
configure:6355: mpicc -c -g -O2  conftest.c >&5
configure:6358: $? = 0
configure:7125: checking for dlfcn.h
configure:7146: mpicc -c -g -O2  conftest.c >&5
configure:7153: $? = 0
configure:7170: result: yes
configure:7356: checking for objdir
configure:7371: result: .libs
configure:7663: checking if mpicc supports -fno-rtti -fno-exceptions
configure:7681: mpicc -c -g -O2  -fno-rtti -fno-exceptions conftest.c >&5
cc1: warning: command line option "-fno-rtti" is valid for C++/ObjC++ but not for C
configure:7685: $? = 0
configure:7698: result: no
configure:7718: checking for mpicc option to produce PIC
configure:7990: result: -fPIC -DPIC
configure:8002: checking if mpicc PIC flag -fPIC -DPIC works
configure:8020: mpicc -c -g -O2  -fPIC -DPIC -DPIC conftest.c >&5
configure:8024: $? = 0
configure:8037: result: yes
configure:8061: checking if mpicc static flag -static works
configure:8089: result: no
configure:8104: checking if mpicc supports -c -o file.o
configure:8125: mpicc -c -g -O2  -o out/conftest2.o conftest.c >&5
configure:8129: $? = 0
configure:8151: result: yes
configure:8159: checking if mpicc supports -c -o file.o
configure:8206: result: yes
configure:8239: checking whether the mpicc linker (/usr/bin/ld -m elf_x86_64) supports shared libraries
configure:9313: result: yes
configure:9350: checking whether -lc should be explicitly linked in
configure:9355: mpicc -c -g -O2  conftest.c >&5
configure:9358: $? = 0
configure:9373: mpicc -shared conftest.o  -v -Wl,-soname -Wl,conftest -o conftest 2\>\&1 \| /bin/grep  -lc  \>/dev/null 2\>\&1
configure:9376: $? = 0
configure:9388: result: no
configure:9552: checking dynamic linker characteristics
configure:9995: mpicc -o conftest -g -O2   -Wl,-rpath -Wl,/foo conftest.c  >&5
configure:10002: $? = 0
configure:10238: result: GNU/Linux ld.so
configure:10340: checking how to hardcode library paths into programs
configure:10365: result: immediate
configure:11198: checking whether stripping libraries is possible
configure:11203: result: yes
configure:11238: checking if libtool supports shared libraries
configure:11240: result: yes
configure:11243: checking whether to build shared libraries
configure:11264: result: yes
configure:11267: checking whether to build static libraries
configure:11271: result: yes
configure:11322: checking for sys/types.h
configure:11329: result: yes
configure:11322: checking for unistd.h
configure:11329: result: yes
configure:11333: checking fcntl.h usability
configure:11350: mpicc -c -g -O2  conftest.c >&5
configure:11357: $? = 0
configure:11371: result: yes
configure:11375: checking fcntl.h presence
configure:11390: mpicc -E  conftest.c
configure:11397: $? = 0
configure:11411: result: yes
configure:11439: checking for fcntl.h
configure:11448: result: yes
configure:11322: checking for strings.h
configure:11329: result: yes
configure:11333: checking pthread.h usability
configure:11350: mpicc -c -g -O2  conftest.c >&5
configure:11357: $? = 0
configure:11371: result: yes
configure:11375: checking pthread.h presence
configure:11390: mpicc -E  conftest.c
configure:11397: $? = 0
configure:11411: result: yes
configure:11439: checking for pthread.h
configure:11448: result: yes
configure:11333: checking time.h usability
configure:11350: mpicc -c -g -O2  conftest.c >&5
configure:11357: $? = 0
configure:11371: result: yes
configure:11375: checking time.h presence
configure:11390: mpicc -E  conftest.c
configure:11397: $? = 0
configure:11411: result: yes
configure:11439: checking for time.h
configure:11448: result: yes
configure:11333: checking errno.h usability
configure:11350: mpicc -c -g -O2  conftest.c >&5
configure:11357: $? = 0
configure:11371: result: yes
configure:11375: checking errno.h presence
configure:11390: mpicc -E  conftest.c
configure:11397: $? = 0
configure:11411: result: yes
configure:11439: checking for errno.h
configure:11448: result: yes
configure:11333: checking stdarg.h usability
configure:11350: mpicc -c -g -O2  conftest.c >&5
configure:11357: $? = 0
configure:11371: result: yes
configure:11375: checking stdarg.h presence
configure:11390: mpicc -E  conftest.c
configure:11397: $? = 0
configure:11411: result: yes
configure:11439: checking for stdarg.h
configure:11448: result: yes
configure:11333: checking limits.h usability
configure:11350: mpicc -c -g -O2  conftest.c >&5
configure:11357: $? = 0
configure:11371: result: yes
configure:11375: checking limits.h presence
configure:11390: mpicc -E  conftest.c
configure:11397: $? = 0
configure:11411: result: yes
configure:11439: checking for limits.h
configure:11448: result: yes
configure:11333: checking signal.h usability
configure:11350: mpicc -c -g -O2  conftest.c >&5
configure:11357: $? = 0
configure:11371: result: yes
configure:11375: checking signal.h presence
configure:11390: mpicc -E  conftest.c
configure:11397: $? = 0
configure:11411: result: yes
configure:11439: checking for signal.h
configure:11448: result: yes
configure:11322: checking for stdlib.h
configure:11329: result: yes
configure:11469: checking for inttypes.h
configure:11476: result: yes
configure:11480: checking math.h usability
configure:11497: mpicc -c -g -O2  conftest.c >&5
configure:11504: $? = 0
configure:11518: result: yes
configure:11522: checking math.h presence
configure:11537: mpicc -E  conftest.c
configure:11544: $? = 0
configure:11558: result: yes
configure:11586: checking for math.h
configure:11595: result: yes
configure:11611: checking for pow in -lm
configure:11646: mpicc -o conftest -g -O2   conftest.c -lm   >&5
conftest.c:47: warning: conflicting types for built-in function 'pow'
configure:11653: $? = 0
configure:11674: result: yes
configure:11735: checking for pkg-config
configure:11753: found /usr/bin/pkg-config
configure:11765: result: /usr/bin/pkg-config
configure:11790: checking pkg-config is at least version 0.9.0
configure:11793: result: yes
configure:11804: checking for PNG
configure:11811: $PKG_CONFIG --exists --print-errors "libpng"
configure:11814: $? = 0
configure:11827: $PKG_CONFIG --exists --print-errors "libpng"
configure:11830: $? = 0
configure:11869: result: yes
configure:11882: checking for mpicc option to support OpenMP
configure:11902: mpicc -o conftest -g -O2   conftest.c -lm  >&5
conftest.c:3: error: expected '=', ',', ';', 'asm' or '__attribute__' before 'me'
In file included from conftest.c:5:
/usr/lib/gcc/x86_64-redhat-linux/4.4.7/include/omp.h:76: error: expected ')' before '*' token
/usr/lib/gcc/x86_64-redhat-linux/4.4.7/include/omp.h:77: error: expected ')' before '*' token
/usr/lib/gcc/x86_64-redhat-linux/4.4.7/include/omp.h:78: error: expected ')' before '*' token
/usr/lib/gcc/x86_64-redhat-linux/4.4.7/include/omp.h:79: error: expected ')' before '*' token
/usr/lib/gcc/x86_64-redhat-linux/4.4.7/include/omp.h:80: error: expected ')' before '*' token
configure:11909: $? = 1
configure: failed program was:
| 
| #ifndef _OPENMP
|  choke me
| #endif
| #include <omp.h>
| int main () { return omp_get_num_threads (); }
| 
configure:11941: mpicc -o conftest -g -O2 -fopenmp   conftest.c -lm  >&5
configure:11948: $? = 0
configure:11978: result: -fopenmp
configure:11991: checking whether to enable debug mode
configure:12011: result: no
configure:12147: checking for C compiler version
configure:12155: mpicc --version >&5
gcc (GCC) 4.4.7 20120313 (Red Hat 4.4.7-3)
Copyright (C) 2010 Free Software Foundation, Inc.
This is free software; see the source for copying conditions.  There is NO
warranty; not even for MERCHANTABILITY or FITNESS FOR A PARTICULAR PURPOSE.

configure:12159: $? = 0
configure:12166: mpicc -v >&5
Using built-in specs.
Target: x86_64-redhat-linux
Configured with: ../configure --prefix=/usr --mandir=/usr/share/man --infodir=/usr/share/info --with-bugurl=http://bugzilla.redhat.com/bugzilla --enable-bootstrap --enable-shared --enable-threads=posix --enable-checking=release --with-system-zlib --enable-__cxa_atexit --disable-libunwind-exceptions --enable-gnu-unique-object --enable-languages=c,c++,objc,obj-c++,java,fortran,ada --enable-java-awt=gtk --disable-dssi --with-java-home=/usr/lib/jvm/java-1.5.0-gcj-1.5.0.0/jre --enable-libgcj-multifile --enable-java-maintainer-mode --with-ecj-jar=/usr/share/java/eclipse-ecj.jar --disable-libjava-multilib --with-ppl --with-cloog --with-tune=generic --with-arch_32=i686 --build=x86_64-redhat-linux
Thread model: posix
gcc version 4.4.7 20120313 (Red Hat 4.4.7-3) (GCC) 
configure:12170: $? = 0
configure:12177: mpicc -V >&5
gcc: '-V' option must have argument
configure:12181: $? = 1
configure:12184: checking whether we are using the GNU C compiler
configure:12237: result: yes
configure:12246: checking whether mpicc accepts -g
configure:12384: result: yes
configure:12401: checking for mpicc option to accept ISO C89
configure:12505: result: none needed
configure:12525: checking dependency style of mpicc
configure:12635: result: gcc3
configure:12652: checking whether mpicc and cc understand -c and -o together
configure:12687: mpicc -c conftest.c -o conftest2.o >&5
configure:12691: $? = 0
configure:12697: mpicc -c conftest.c -o conftest2.o >&5
configure:12701: $? = 0
configure:12712: cc -c conftest.c >&5
configure:12716: $? = 0
configure:12724: cc -c conftest.c -o conftest2.o >&5
configure:12728: $? = 0
configure:12734: cc -c conftest.c -o conftest2.o >&5
configure:12738: $? = 0
configure:12756: result: yes
configure:12826: checking for ranlib
configure:12853: result: ranlib
configure:13009: creating ./config.status

## ---------------------- ##
## Running config.status. ##
## ---------------------- ##

This file was extended by INF8601-LAB3 config.status 2.1.2, which was
generated by GNU Autoconf 2.63.  Invocation command line was

  CONFIG_FILES    = 
  CONFIG_HEADERS  = 
  CONFIG_LINKS    = 
  CONFIG_COMMANDS = 
  $ ./config.status 

on frontalrocks.info.polymtl.ca

config.status:1011: creating Makefile
config.status:1011: creating examples/Makefile
config.status:1011: creating tests/Makefile
config.status:1011: creating src/Makefile
config.status:1011: creating config.h
config.status:1233: config.h is unchanged
config.status:1285: executing depfiles commands
config.status:1285: executing libtool commands

## ---------------- ##
## Cache variables. ##
## ---------------- ##

ac_cv_build=x86_64-unknown-linux-gnu
ac_cv_c_compiler_gnu=yes
ac_cv_env_CC_set=set
ac_cv_env_CC_value=mpicc
ac_cv_env_CFLAGS_set=
ac_cv_env_CFLAGS_value=
ac_cv_env_CPPFLAGS_set=
ac_cv_env_CPPFLAGS_value=
ac_cv_env_CPP_set=
ac_cv_env_CPP_value=
ac_cv_env_LDFLAGS_set=
ac_cv_env_LDFLAGS_value=
ac_cv_env_LIBS_set=
ac_cv_env_LIBS_value=
ac_cv_env_PKG_CONFIG_set=
ac_cv_env_PKG_CONFIG_value=
ac_cv_env_PNG_CFLAGS_set=
ac_cv_env_PNG_CFLAGS_value=
ac_cv_env_PNG_LIBS_set=
ac_cv_env_PNG_LIBS_value=
ac_cv_env_build_alias_set=
ac_cv_env_build_alias_value=
ac_cv_env_host_alias_set=
ac_cv_env_host_alias_value=
ac_cv_env_target_alias_set=
ac_cv_env_target_alias_value=
ac_cv_header_dlfcn_h=yes
ac_cv_header_errno_h=yes
ac_cv_header_fcntl_h=yes
ac_cv_header_inttypes_h=yes
ac_cv_header_limits_h=yes
ac_cv_header_math_h=yes
ac_cv_header_memory_h=yes
ac_cv_header_minix_config_h=no
ac_cv_header_pthread_h=yes
ac_cv_header_signal_h=yes
ac_cv_header_stdarg_h=yes
ac_cv_header_stdc=yes
ac_cv_header_stdint_h=yes
ac_cv_header_stdlib_h=yes
ac_cv_header_string_h=yes
ac_cv_header_strings_h=yes
ac_cv_header_sys_stat_h=yes
ac_cv_header_sys_types_h=yes
ac_cv_header_time_h=yes
ac_cv_header_unistd_h=yes
ac_cv_host=x86_64-unknown-linux-gnu
ac_cv_lib_m_pow=yes
ac_cv_objext=o
ac_cv_path_EGREP='/bin/grep -E'
ac_cv_path_FGREP='/bin/grep -F'
ac_cv_path_GREP=/bin/grep
ac_cv_path_SED=/bin/sed
ac_cv_path_ac_pt_PKG_CONFIG=/usr/bin/pkg-config
ac_cv_path_install='/usr/bin/install -c'
ac_cv_path_mkdir=/bin/mkdir
ac_cv_prog_AWK=gawk
ac_cv_prog_CPP='mpicc -E'
ac_cv_prog_ac_ct_AR=ar
ac_cv_prog_ac_ct_CC=mpicc
ac_cv_prog_ac_ct_OBJDUMP=objdump
ac_cv_prog_ac_ct_RANLIB=ranlib
ac_cv_prog_ac_ct_STRIP=strip
ac_cv_prog_c_openmp=-fopenmp
ac_cv_prog_cc_c89=
ac_cv_prog_cc_g=yes
ac_cv_prog_cc_mpicc_c_o=yes
ac_cv_prog_make_make_set=yes
ac_cv_safe_to_define___extensions__=yes
am_cv_CC_dependencies_compiler_type=gcc3
lt_cv_deplibs_check_method=pass_all
lt_cv_file_magic_cmd='$MAGIC_CMD'
lt_cv_file_magic_test_file=
lt_cv_ld_reload_flag=-r
lt_cv_nm_interface='BSD nm'
lt_cv_objdir=.libs
lt_cv_path_LD=/usr/bin/ld
lt_cv_path_NM='/usr/bin/nm -B'
lt_cv_prog_compiler_c_o=yes
lt_cv_prog_compiler_pic_works=yes
lt_cv_prog_compiler_rtti_exceptions=no
lt_cv_prog_compiler_static_works=no
lt_cv_prog_gnu_ld=yes
lt_cv_sys_global_symbol_pipe='sed -n -e '\''s/^.*[	 ]\([ABCDGIRSTW][ABCDGIRSTW]*\)[	 ][	 ]*\([_A-Za-z][_A-Za-z0-9]*\)$/\1 \2 \2/p'\'''
lt_cv_sys_global_symbol_to_c_name_address='sed -n -e '\''s/^: \([^ ]*\) $/  {\"\1\", (void *) 0},/p'\'' -e '\''s/^[ABCDGIRSTW]* \([^ ]*\) \([^ ]*\)$/  {"\2", (void *) \&\2},/p'\'''
lt_cv_sys_global_symbol_to_c_name_address_lib_prefix='sed -n -e '\''s/^: \([^ ]*\) $/  {\"\1\", (void *) 0},/p'\'' -e '\''s/^[ABCDGIRSTW]* \([^ ]*\) \(lib[^ ]*\)$/  {"\2", (void *) \&\2},/p'\'' -e '\''s/^[ABCDGIRSTW]* \([^ ]*\) \([^ ]*\)$/  {"lib\2", (void *) \&\2},/p'\'''
lt_cv_sys_global_symbol_to_cdecl='sed -n -e '\''s/^T .* \(.*\)$/extern int \1();/p'\'' -e '\''s/^[ABCDGIRSTW]* .* \(.*\)$/extern char \1;/p'\'''
lt_cv_sys_max_cmd_len=3458764513820540925
pkg_cv_PNG_CFLAGS='-I/usr/include/libpng12  '
pkg_cv_PNG_LIBS='-lpng12  '

## ----------------- ##
## Output variables. ##
## ----------------- ##

ACLOCAL='${SHELL} /usagers/olsira/TestTP3/INF8601TP3/inf8601-lab3-2.1.4/missing --run aclocal-1.11'
AMDEPBACKSLASH='\'
AMDEP_FALSE='#'
AMDEP_TRUE=''
AMTAR='${SHELL} /usagers/olsira/TestTP3/INF8601TP3/inf8601-lab3-2.1.4/missing --run tar'
AM_BACKSLASH='\'
AM_DEFAULT_VERBOSITY='0'
AR='ar'
AUTOCONF='${SHELL} /usagers/olsira/TestTP3/INF8601TP3/inf8601-lab3-2.1.4/missing --run autoconf'
AUTOHEADER='${SHELL} /usagers/olsira/TestTP3/INF8601TP3/inf8601-lab3-2.1.4/missing --run autoheader'
AUTOMAKE='${SHELL} /usagers/olsira/TestTP3/INF8601TP3/inf8601-lab3-2.1.4/missing --run automake-1.11'
AWK='gawk'
CC='mpicc'
CCDEPMODE='depmode=gcc3'
CFLAGS='-g -O2 -Wall -O3 -fomit-frame-pointer'
CPP='mpicc -E'
CPPFLAGS=''
CYGPATH_W='echo'
DEFS='-DHAVE_CONFIG_H'
DEPDIR='.deps'
DSYMUTIL=''
DUMPBIN=''
ECHO_C=''
ECHO_N='-n'
ECHO_T=''
EGREP='/bin/grep -E'
EXEEXT=''
FGREP='/bin/grep -F'
GREP='/bin/grep'
INSTALL_DATA='${INSTALL} -m 644'
INSTALL_PROGRAM='${INSTALL}'
INSTALL_SCRIPT='${INSTALL}'
INSTALL_STRIP_PROGRAM='$(install_sh) -c -s'
LD='/usr/bin/ld -m elf_x86_64'
LDFLAGS=''
LIBOBJS=''
LIBS='-lm '
LIBTOOL='$(SHELL) $(top_builddir)/libtool'
LIPO=''
LN_S='ln -s'
LTLIBOBJS=''
MAKEINFO='${SHELL} /usagers/olsira/TestTP3/INF8601TP3/inf8601-lab3-2.1.4/missing --run makeinfo'
MKDIR_P='/bin/mkdir -p'
NM='/usr/bin/nm -B'
NMEDIT=''
OBJDUMP='objdump'
OBJEXT='o'
OPENMP_CFLAGS='-fopenmp'
OTOOL64=''
OTOOL=''
PACKAGE='inf8601-lab3'
PACKAGE_BUGREPORT=''
PACKAGE_NAME='INF8601-LAB3'
PACKAGE_STRING='INF8601-LAB3 2.1.2'
PACKAGE_TARNAME='inf8601-lab3'
PACKAGE_VERSION='2.1.2'
PATH_SEPARATOR=':'
PKG_CONFIG='/usr/bin/pkg-config'
PNG_CFLAGS='-I/usr/include/libpng12  '
PNG_LIBS='-lpng12  '
RANLIB='ranlib'
SED='/bin/sed'
SET_MAKE=''
SHELL='/bin/sh'
STRIP='strip'
VERSION='2.1.2'
ac_ct_CC='mpicc'
ac_ct_DUMPBIN=''
am__EXEEXT_FALSE=''
am__EXEEXT_TRUE='#'
am__fastdepCC_FALSE='#'
am__fastdepCC_TRUE=''
am__include='include'
am__isrc=''
am__leading_dot='.'
am__quote=''
am__tar='${AMTAR} chof - "$$tardir"'
am__untar='${AMTAR} xf -'
bindir='${exec_prefix}/bin'
build='x86_64-unknown-linux-gnu'
build_alias=''
build_cpu='x86_64'
build_os='linux-gnu'
build_vendor='unknown'
datadir='${datarootdir}'
datarootdir='${prefix}/share'
docdir='${datarootdir}/doc/${PACKAGE_TARNAME}'
dvidir='${docdir}'
exec_prefix='${prefix}'
host='x86_64-unknown-linux-gnu'
host_alias=''
host_cpu='x86_64'
host_os='linux-gnu'
host_vendor='unknown'
htmldir='${docdir}'
includedir='${prefix}/include'
infodir='${datarootdir}/info'
install_sh='${SHELL} /usagers/olsira/TestTP3/INF8601TP3/inf8601-lab3-2.1.4/install-sh'
libdir='${exec_prefix}/lib'
libexecdir='${exec_prefix}/libexec'
localedir='${datarootdir}/locale'
localstatedir='${prefix}/var'
lt_ECHO='echo'
mandir='${datarootdir}/man'
mkdir_p='/bin/mkdir -p'
oldincludedir='/usr/include'
pdfdir='${docdir}'
prefix='/usr/local'
program_transform_name='s,x,x,'
psdir='${docdir}'
sbindir='${exec_prefix}/sbin'
sharedstatedir='${prefix}/com'
sysconfdir='${prefix}/etc'
target_alias=''

## ----------- ##
## confdefs.h. ##
## ----------- ##

#define PACKAGE_NAME "INF8601-LAB3"
#define PACKAGE_TARNAME "inf8601-lab3"
#define PACKAGE_VERSION "2.1.2"
#define PACKAGE_STRING "INF8601-LAB3 2.1.2"
#define PACKAGE_BUGREPORT ""
#define PACKAGE "inf8601-lab3"
#define VERSION "2.1.2"
#define STDC_HEADERS 1
#define HAVE_SYS_TYPES_H 1
#define HAVE_SYS_STAT_H 1
#define HAVE_STDLIB_H 1
#define HAVE_STRING_H 1
#define HAVE_MEMORY_H 1
#define HAVE_STRINGS_H 1
#define HAVE_INTTYPES_H 1
#define HAVE_STDINT_H 1
#define HAVE_UNISTD_H 1
#define __EXTENSIONS__ 1
#define _ALL_SOURCE 1
#define _GNU_SOURCE 1
#define _POSIX_PTHREAD_SEMANTICS 1
#define _TANDEM_SOURCE 1
#define HAVE_DLFCN_H 1
#define LT_OBJDIR ".libs/"
#define HAVE_SYS_TYPES_H 1
#define HAVE_UNISTD_H 1
#define HAVE_FCNTL_H 1
#define HAVE_STRINGS_H 1
#define HAVE_PTHREAD_H 1
#define HAVE_TIME_H 1
#define HAVE_ERRNO_H 1
#define HAVE_STDARG_H 1
#define HAVE_LIMITS_H 1
#define HAVE_SIGNAL_H 1
#define HAVE_STDLIB_H 1
#define HAVE_INTTYPES_H 1
#define HAVE_MATH_H 1
#define HAVE_LIBM 1

configure: exit 0

## ---------------------- ##
## Running config.status. ##
## ---------------------- ##

This file was extended by INF8601-LAB3 config.status 2.1.2, which was
generated by GNU Autoconf 2.63.  Invocation command line was

  CONFIG_FILES    = 
  CONFIG_HEADERS  = 
  CONFIG_LINKS    = 
  CONFIG_COMMANDS = 
  $ ./config.status Makefile

on frontalrocks.info.polymtl.ca

config.status:1011: creating Makefile

## ---------------------- ##
## Running config.status. ##
## ---------------------- ##

This file was extended by INF8601-LAB3 config.status 2.1.2, which was
generated by GNU Autoconf 2.63.  Invocation command line was

  CONFIG_FILES    = 
  CONFIG_HEADERS  = 
  CONFIG_LINKS    = 
  CONFIG_COMMANDS = 
  $ ./config.status config.h

on frontalrocks.info.polymtl.ca

config.status:1011: creating config.h
config.status:1233: config.h is unchanged

## ---------------------- ##
## Running config.status. ##
## ---------------------- ##

This file was extended by INF8601-LAB3 config.status 2.1.2, which was
generated by GNU Autoconf 2.63.  Invocation command line was

  CONFIG_FILES    = 
  CONFIG_HEADERS  = 
  CONFIG_LINKS    = 
  CONFIG_COMMANDS = 
  $ ./config.status src/Makefile depfiles

on frontalrocks.info.polymtl.ca

config.status:1011: creating src/Makefile
config.status:1285: executing depfiles commands

## ---------------------- ##
## Running config.status. ##
## ---------------------- ##

This file was extended by INF8601-LAB3 config.status 2.1.2, which was
generated by GNU Autoconf 2.63.  Invocation command line was

  CONFIG_FILES    = 
  CONFIG_HEADERS  = 
  CONFIG_LINKS    = 
  CONFIG_COMMANDS = 
  $ ./config.status tests/Makefile depfiles

on frontalrocks.info.polymtl.ca

config.status:1011: creating tests/Makefile
config.status:1285: executing depfiles commands

## ---------------------- ##
## Running config.status. ##
## ---------------------- ##

This file was extended by INF8601-LAB3 config.status 2.1.2, which was
generated by GNU Autoconf 2.63.  Invocation command line was

  CONFIG_FILES    = 
  CONFIG_HEADERS  = 
  CONFIG_LINKS    = 
  CONFIG_COMMANDS = 
  $ ./config.status examples/Makefile depfiles

on frontalrocks.info.polymtl.ca

config.status:1011: creating examples/Makefile
config.status:1285: executing depfiles commands
